<?xml version="1.0" encoding="UTF-8"?>
<!-- Generated by org.testng.reporters.JUnitReportReporter -->
<testsuite hostname="NIT-A03-007D" name="FirstGridTestCase" tests="1" failures="0" timestamp="19 Nov 2015 07:44:25 GMT" time="2.358" errors="0">
  <testcase name="simpleTest" time="2.358" classname="FirstGridTestCase"/>
</testsuite> <!-- FirstGridTestCase -->
