<?xml version="1.0" encoding="UTF-8"?>
<!-- Generated by org.testng.reporters.JUnitReportReporter -->
<testsuite hostname="NIT-A03-007D" name="testNG.Parallel.Test05" tests="1" failures="0" timestamp="20 Nov 2015 05:16:02 GMT" time="15.710" errors="0">
  <testcase name="testLink" time="15.710" classname="testNG.Parallel.Test05"/>
</testsuite> <!-- testNG.Parallel.Test05 -->
