<?xml version="1.0" encoding="UTF-8"?>
<!-- Generated by org.testng.reporters.JUnitReportReporter -->
<testsuite hostname="NIT-A03-007D" name="testNG.Parallel.Test01" tests="1" failures="0" timestamp="20 Nov 2015 05:16:02 GMT" time="5.369" errors="0">
  <testcase name="testLink" time="5.369" classname="testNG.Parallel.Test01"/>
</testsuite> <!-- testNG.Parallel.Test01 -->
